1617971030109730800 [Info] -----BEGIN PRIVATE KEY-----
MIIEpAIBAAKCAQEA3MowHvErWc4Zcg+GDZXb5rg4TTwlknBqqR31IQXrkfPxTIi9
6WjMeuUm7J8a5g1jnrSoG1VntAnbBPXMMPqGcAFdmN8uUXLG5fukoWY82+9qCQjZ
4C020FEhsTqkhXaekvrrxDbFGuIr4fNWMzgB8m4oHSj/jdiHqJL00zVBPgMA/Jwn
tVdVmusp3LL2Zlav2w2k3P6DmY8rFc/LQg+2tRcmU/KuHzniDHl0diuNl2VLa7WE
rs9FmrhhkXxp3kyee9mhlomL1EnKchV5W0APQ07H1jqw7gQEtU6D/4LxXwhD7MKJ
DuFQTSCMaABAbgPwYyP4+le2VLNPkw/5bolPCwIDAQABAoIBAQDDzyTCLEywBpKW
j6HppoAxrCtyg+cmakCN352oPeHfvSLBJ3yV5nWCgHv22lw2rqUs+Tcllqa0CxGM
4pjGz0gvSWbCzxv66/ntuTEWWt+ahkfZ31mq8S5traZd0Y5bNwoHfDVf/NrtrqwQ
ZYiLQB6p7Hvy8ItEN0aIgFxUfCRyYv2RHvRW86YVKT7eK2MHQZBGFWJEIhd6yyey
06zaMfL8nsZRcG1gp/T/JxE88z1GDwbdHnUFgEXPu1CMeV0n7c2pZsLVveWdgciz
RxhejD9D0+3rRLf4tguwp9kQUT4XRl43FklAwEX5RQSQ582o1AfzpkLwVawAtVCz
9bj9UL2BAoGBAORbldtJsMV7omx7HQLWvtlAziEkJ+rpfbNK5R5583m6OidC235v
ZYxA6CFCDw4x1XplcjJfylAKm9X1S+rULQKCP584YEcb9wgc/zwIZXV+X2vr5gNG
zJBrumHHwe9G4oaN25svXoqjv21UupztraTpV0udCXpjS1tN6OABXURhAoGBAPeE
FaVx/AGbECr6LNPhdj4cSfXl+WuboOCRUSkxS7R7KM/QZMFW/jcFL/uz/8Uz6aEs
S28dTd2y/YuIIbCaN8G3bRT/K3/9btdqpL7GOTFxe0Y/pMhNl9vaN3ItR1OueNH3
+9BgNFVE1lXeMiIIJc5sfzUwTmZo52f9NRD5V8rrAoGAUJSY3ta0EBu+hvUymYvZ
sKQTmNI/W7+k4Z2uGAEEj5HNb4lCFu2MMd+9ie7bjTC8mgIuN+Rhabk0oF18upLA
h0Aa3z5viugtVamVz0NPOhSr61NEySc0jEnXbSWmI58p1D0+nxYqEFYT+KqLZ1Df
k2/bpAz4CT38m210nYcduEECgYEApDddCTRzxzjy5CCxhy3p/lFUfLHE5rENbpDb
MSJEoQypSh9wCZpG9YgairuksVi847L4pVLi63kqoN2DxKC852hkFe8qFDO3y3I0
tWHcZkJtUHE/Sam5XCMOcFE8Jnf2LxCBYIHDluMh9TyDNHMFakwvpcFT8rwc87BZ
+dYEelsCgYAWI4/ZQD++UidorpYGfoLRKRHwjo48T9z5wI+9qRb9YLYTmwT+56Pv
RABTdJTiQ/B5KZeDyu5ssUQB/i375Mvk6VGgxpyp2VtlqgPWXH2e5xcPEt4hrvEC
xWw/ZiFumMf7zf0znCKG4MrdOOcK75EEiZcB3uLG2dJ/M91ENM6ymw==
-----END PRIVATE KEY-----

1617971030202736700 [Info] Connected to Postgres DB successfully
1617971030203737200 [Info] Server running on port5379
1617971045342339900 [Info] eyJhbGciOiJIUzUxMiIsInR5cCI6IkpXVCJ9.eyJqdGkiOiI1ZDIxOThlOC03ZDQ4LTQ3ZTUtOTA3Yy1kOGMxNTE2NWMxNDciLCJhdWQiOiJwb3N0aXQiLCJpc3MiOiJQT1NUSVQiLCJzdWIiOiJVc2VyIExvZ2luIEF1dGhlbnRpY2F0aW9uIiwiZXhwIjoxNjEyMjA4MTA1LCJpYXQiOjE2MTIyMDY5MDV9.Dz18XgfMP-XE4oRes5jmqUQJlkNEBw-SdEHnHJ3eBoDH3W555yiceSsWG1gd3VsXORKLGRHT6FNdbWBl5Yng6Q
1617971045343340400 [Warn] check toke expiration time
1617971045347340300 [Info] Token expired! getting a new one....
1617971127711985400 [Info] eyJhbGciOiJIUzUxMiIsInR5cCI6IkpXVCJ9.eyJhdWQiOlsicG9zdGl0LWF1ZGllbmNlIiwicG9zdGl0Il0sImV4cCI6MTYxNzk3MjI5MywianRpIjoiYzgwNmY3NWQtNTg4OC00NzM4LThlOTktY2Q0ZjY2ZGQ2MDUyIiwiaWF0IjoxNjE3OTcxMDkzLCJpc3MiOiJQT1NUSVQiLCJzdWIiOiJVc2VyIExvZ2luIEF1dGhlbnRpY2F0aW9uIn0.ANO5z37lZaHX4N9K0Yb1USRvgkMFOdqYPoeraqFitZK258JYrBgDjk_9iDPex3fMM8THlafW_TOIRFW11O9vjQ
1617971127712986800 [Warn] check toke expiration time
1617971127712986800 [Warn] About to get to validator
1617971127713985800 [Info] Passed validator
1617971127713985800 [Info] /posts
1617971127713985800 [Info] ===========================================
1617971127713985800 [Info] Handling Update Post ...
1617971127713985800 [Info] ===========================================
1617971127714984400 [Info] Headers => TraceId: %s, TenantNamespace: %s5d033a88-6a8f-47e0-9b3a-fd100661069epostit
1617971127714984400 [Info] {
	"post_message": "Wow with Digital",
	"hash_tags": ["GrowWithShiftr", "JoinTheMovement"],
	"post_priority": false
}
1617971127714984400 [Info] [#GrowWithShiftr #JoinTheMovement]
1617971127715985300 [Info] 7b569f6e-7edf-4792-8a00-7e94d5fd680a
1617971127765987000 [Info] C:\Users\Prince Bobby\Desktop\postit\postit-api\pkg\postit
1617971127766988800 [Warn] open C:\Users\Prince Bobby\Desktop\postit\postit-api\pkg\postit: The system cannot find the file specified.
1617971127767989300 [Info] UPDATE postit.post SET post_message = $1, hash_tags = $2, post_priority = $3, post_images = $4, image_paths = $5 WHERE post_id = $6
1617971146410520700 [Info] eyJhbGciOiJIUzUxMiIsInR5cCI6IkpXVCJ9.eyJqdGkiOiI4NjIyOWU3ZS0wZjc4LTQ4NjAtYTRmMy1hZjdhN2M5NWRlZjMiLCJhdWQiOlsicG9zdGl0LWF1ZGllbmNlIiwicG9zdGl0Il0sImlzcyI6IlBPU1RJVCIsInN1YiI6IlVzZXIgTG9naW4gQXV0aGVudGljYXRpb24iLCJleHAiOjE2MTY3NzcyNzgsImlhdCI6MTYxNjc3NjA3OH0.Sp-nZsvTWs5MimZup5LzW5OGzSibRC7kdm5m-z-mch7quWV6-T2c7OyTa_SQiukpd_kNf9WP2oEeYUoEFQaWyg
1617971146410520700 [Warn] check toke expiration time
1617971146411523000 [Info] Token expired! getting a new one....
1617971147239571800 [Info] refresh-token: eyJhbGciOiJIUzUxMiIsInR5cCI6IkpXVCJ9.eyJhdWQiOlsicG9zdGl0LWF1ZGllbmNlIiwicG9zdGl0Il0sImV4cCI6MTYxNzk3MjM0NiwianRpIjoiZDY4MzgwN2QtYTM2YS00M2FmLWFmZGUtOWNjZWNmNTYxNDUwIiwiaWF0IjoxNjE3OTcxMTQ2LCJpc3MiOiJQb3N0SXQiLCJzdWIiOiJVc2VyIHJlZnJlc2ggdG9rZW4ifQ.<signature>
1617971147239571800 [Warn] About to get to validator
1617971147239571800 [Info] Passed validator
1617971147239571800 [Info] /posts
1617971147240570400 [Info] ===========================================
1617971147240570400 [Info] Handling Fetch post ...
1617971147240570400 [Info] ===========================================
1617971147241571300 [Info] Headers => TraceId: %s, TenantNamespace: %s84a47b74-5344-4082-b91a-f931c4317f13postit
1617971147241571300 [Info] SELECT post_id, facebook_post_id, post_message, post_images, image_paths, hash_tags, post_fb_status, post_tw_status, post_li_status, post_priority, scheduled, created_at, updated_at FROM postit.post ORDER BY updated_at DESC LIMIT 1000
1617971147352576700 [Info] Wow with Digital
1617971147353576600 [Info] Wow with Digital
1617971216495107000 [Warn] http: Server closed
1617971216995135700 [Warn] shutting down
